"2019-01-14 10:35:08 [restartedMain] INFO  c.t.Team1SpringBootJpaApplication - Starting Team1SpringBootJpaApplication on DESKTOP-PGKHSCB with PID 11444 (E:\workspace\backend\sts-workspace\Team1-SpringBoot-JPA\target\classes started by User in E:\workspace\backend\sts-workspace\Team1-SpringBoot-JPA)
""2019-01-14 10:35:08 [restartedMain] INFO  c.t.Team1SpringBootJpaApplication - No active profile set, falling back to default profiles: default
""2019-01-14 10:35:08 [restartedMain] INFO  o.s.d.r.c.RepositoryConfigurationDelegate - Bootstrapping Spring Data repositories in DEFAULT mode.
""2019-01-14 10:35:08 [restartedMain] INFO  o.s.d.r.c.RepositoryConfigurationDelegate - Finished Spring Data repository scanning in 10ms. Found 2 repository interfaces.
""2019-01-14 10:35:08 [restartedMain] INFO  o.s.c.s.PostProcessorRegistrationDelegate$BeanPostProcessorChecker - Bean 'org.springframework.transaction.annotation.ProxyTransactionManagementConfiguration' of type [org.springframework.transaction.annotation.ProxyTransactionManagementConfiguration$$EnhancerBySpringCGLIB$$50fedbec] is not eligible for getting processed by all BeanPostProcessors (for example: not eligible for auto-proxying)
""2019-01-14 10:35:08 [restartedMain] INFO  o.s.b.w.e.tomcat.TomcatWebServer - Tomcat initialized with port(s): 80 (http)
""2019-01-14 10:35:08 [restartedMain] INFO  o.a.catalina.core.StandardService - Starting service [Tomcat]
""2019-01-14 10:35:08 [restartedMain] INFO  o.a.catalina.core.StandardEngine - Starting Servlet Engine: Apache Tomcat/9.0.13
""2019-01-14 10:35:08 [restartedMain] INFO  o.a.c.c.C.[Tomcat].[localhost].[/] - Initializing Spring embedded WebApplicationContext
""2019-01-14 10:35:08 [restartedMain] DEBUG o.s.web.context.ContextLoader - Published root WebApplicationContext as ServletContext attribute with name [org.springframework.web.context.WebApplicationContext.ROOT]
""2019-01-14 10:35:08 [restartedMain] INFO  o.s.web.context.ContextLoader - Root WebApplicationContext: initialization completed in 320 ms
""2019-01-14 10:35:08 [restartedMain] INFO  com.zaxxer.hikari.HikariDataSource - HikariPool-2 - Starting...
""2019-01-14 10:35:08 [restartedMain] INFO  com.zaxxer.hikari.HikariDataSource - HikariPool-2 - Start completed.
""2019-01-14 10:35:08 [restartedMain] INFO  o.s.o.j.LocalContainerEntityManagerFactoryBean - Initialized JPA EntityManagerFactory for persistence unit 'default'
""2019-01-14 10:35:08 [restartedMain] DEBUG o.s.w.s.h.SimpleUrlHandlerMapping - Patterns [/**/favicon.ico] in 'faviconHandlerMapping'
""2019-01-14 10:35:08 [restartedMain] INFO  o.s.s.c.ThreadPoolTaskExecutor - Initializing ExecutorService 'applicationTaskExecutor'
""2019-01-14 10:35:08 [restartedMain] DEBUG o.s.w.s.m.m.a.RequestMappingHandlerAdapter - ControllerAdvice beans: 0 @ModelAttribute, 0 @InitBinder, 1 RequestBodyAdvice, 1 ResponseBodyAdvice
""2019-01-14 10:35:08 [restartedMain] WARN  o.s.b.a.o.j.JpaBaseConfiguration$JpaWebConfiguration$JpaWebMvcConfiguration - spring.jpa.open-in-view is enabled by default. Therefore, database queries may be performed during view rendering. Explicitly configure spring.jpa.open-in-view to disable this warning
""2019-01-14 10:35:08 [restartedMain] DEBUG o.s.w.s.m.m.a.RequestMappingHandlerMapping - 15 mappings in 'requestMappingHandlerMapping'
""2019-01-14 10:35:08 [restartedMain] DEBUG o.s.w.s.h.SimpleUrlHandlerMapping - Patterns [/webjars/**, /**] in 'resourceHandlerMapping'
""2019-01-14 10:35:08 [restartedMain] DEBUG o.s.w.s.m.m.a.ExceptionHandlerExceptionResolver - ControllerAdvice beans: 0 @ExceptionHandler, 1 ResponseBodyAdvice
""2019-01-14 10:35:08 [restartedMain] INFO  o.s.b.a.w.s.WelcomePageHandlerMapping - Adding welcome page template: index
""2019-01-14 10:35:08 [restartedMain] INFO  o.s.b.d.a.OptionalLiveReloadServer - LiveReload server is running on port 35729
""2019-01-14 10:35:08 [restartedMain] INFO  o.s.b.w.e.tomcat.TomcatWebServer - Tomcat started on port(s): 80 (http) with context path ''
""2019-01-14 10:35:08 [restartedMain] INFO  c.t.Team1SpringBootJpaApplication - Started Team1SpringBootJpaApplication in 0.771 seconds (JVM running for 37.13)
""2019-01-14 10:35:08 [restartedMain] INFO  o.s.b.d.a.ConditionEvaluationDeltaLoggingListener - Condition evaluation unchanged
""2019-01-14 10:35:13 [http-nio-80-exec-1] INFO  o.a.c.c.C.[Tomcat].[localhost].[/] - Initializing Spring DispatcherServlet 'dispatcherServlet'
""2019-01-14 10:35:13 [http-nio-80-exec-1] INFO  o.s.web.servlet.DispatcherServlet - Initializing Servlet 'dispatcherServlet'
""2019-01-14 10:35:13 [http-nio-80-exec-1] DEBUG o.s.web.servlet.DispatcherServlet - Detected StandardServletMultipartResolver
""2019-01-14 10:35:13 [http-nio-80-exec-1] DEBUG o.s.web.servlet.DispatcherServlet - enableLoggingRequestDetails='false': request parameters and headers will be masked to prevent unsafe logging of potentially sensitive data
""2019-01-14 10:35:13 [http-nio-80-exec-1] INFO  o.s.web.servlet.DispatcherServlet - Completed initialization in 6 ms
""2019-01-14 10:35:13 [http-nio-80-exec-1] DEBUG o.s.web.servlet.DispatcherServlet - GET "/admin/news", parameters={}
""2019-01-14 10:35:13 [http-nio-80-exec-1] DEBUG o.s.w.s.m.m.a.RequestMappingHandlerMapping - Mapped to public java.lang.String com.team1.controller.NewsController.showAll(org.springframework.ui.ModelMap)
""2019-01-14 10:35:14 [http-nio-80-exec-1] DEBUG o.s.w.s.v.ContentNegotiatingViewResolver - Selected 'text/html' given [text/html, application/xhtml+xml, image/webp, image/apng, application/xml;q=0.9, */*;q=0.8]
""2019-01-14 10:35:14 [http-nio-80-exec-1] DEBUG o.s.web.servlet.DispatcherServlet - Completed 302 FOUND
""2019-01-14 10:35:14 [http-nio-80-exec-2] DEBUG o.s.web.servlet.DispatcherServlet - GET "/admin/login", parameters={}
""2019-01-14 10:35:14 [http-nio-80-exec-2] DEBUG o.s.w.s.m.m.a.RequestMappingHandlerMapping - Mapped to public java.lang.String com.team1.controller.LoginController.login(javax.servlet.http.HttpSession)
""2019-01-14 10:35:14 [http-nio-80-exec-2] DEBUG o.s.w.s.v.ContentNegotiatingViewResolver - Selected 'text/html' given [text/html, application/xhtml+xml, image/webp, image/apng, application/xml;q=0.9, */*;q=0.8]
""2019-01-14 10:35:14 [http-nio-80-exec-2] DEBUG o.s.web.servlet.DispatcherServlet - Completed 200 OK
""2019-01-14 10:35:16 [http-nio-80-exec-3] DEBUG o.s.web.servlet.DispatcherServlet - POST "/admin/login", parameters={masked}
""2019-01-14 10:35:16 [http-nio-80-exec-3] DEBUG o.s.w.s.m.m.a.RequestMappingHandlerMapping - Mapped to public org.springframework.web.servlet.view.RedirectView com.team1.controller.LoginController.handleLogin(com.team1.entity.User,org.springframework.ui.ModelMap,org.springframework.web.servlet.mvc.support.RedirectAttributes)
""2019-01-14 10:35:16 [http-nio-80-exec-3] DEBUG o.s.web.servlet.view.RedirectView - View [RedirectView], model {}
""2019-01-14 10:35:16 [http-nio-80-exec-3] DEBUG o.s.web.servlet.DispatcherServlet - Completed 302 FOUND
""2019-01-14 10:35:16 [http-nio-80-exec-4] DEBUG o.s.web.servlet.DispatcherServlet - GET "/admin", parameters={}
""2019-01-14 10:35:16 [http-nio-80-exec-4] DEBUG o.s.w.s.m.m.a.RequestMappingHandlerMapping - Mapped to public java.lang.String com.team1.controller.HomeController.index()
""2019-01-14 10:35:16 [http-nio-80-exec-4] DEBUG o.s.w.s.v.ContentNegotiatingViewResolver - Selected 'text/html' given [text/html, application/xhtml+xml, image/webp, image/apng, application/xml;q=0.9, */*;q=0.8]
""2019-01-14 10:35:16 [http-nio-80-exec-4] DEBUG o.s.web.servlet.DispatcherServlet - Completed 200 OK
""2019-01-14 10:35:17 [http-nio-80-exec-5] DEBUG o.s.web.servlet.DispatcherServlet - GET "/admin", parameters={}
""2019-01-14 10:35:17 [http-nio-80-exec-5] DEBUG o.s.w.s.m.m.a.RequestMappingHandlerMapping - Mapped to public java.lang.String com.team1.controller.HomeController.index()
""2019-01-14 10:35:17 [http-nio-80-exec-5] DEBUG o.s.w.s.v.ContentNegotiatingViewResolver - Selected 'text/html' given [text/html, application/xhtml+xml, image/webp, image/apng, application/xml;q=0.9, */*;q=0.8]
""2019-01-14 10:35:17 [http-nio-80-exec-5] DEBUG o.s.web.servlet.DispatcherServlet - Completed 200 OK
""2019-01-14 10:35:17 [http-nio-80-exec-6] DEBUG o.s.web.servlet.DispatcherServlet - GET "/favicon.ico", parameters={}
""2019-01-14 10:35:17 [http-nio-80-exec-6] DEBUG o.s.w.s.h.SimpleUrlHandlerMapping - Mapped to ResourceHttpRequestHandler [class path resource [META-INF/resources/], class path resource [resources/], class path resource [static/], class path resource [public/], ServletContext resource [/], class path resource []]
""2019-01-14 10:35:17 [http-nio-80-exec-6] DEBUG o.s.web.servlet.DispatcherServlet - Completed 200 OK
""2019-01-14 10:35:18 [http-nio-80-exec-7] DEBUG o.s.web.servlet.DispatcherServlet - GET "/admin/news", parameters={}
""2019-01-14 10:35:18 [http-nio-80-exec-7] DEBUG o.s.w.s.m.m.a.RequestMappingHandlerMapping - Mapped to public java.lang.String com.team1.controller.NewsController.showAll(org.springframework.ui.ModelMap)
""2019-01-14 10:35:18 [http-nio-80-exec-7] DEBUG o.s.w.s.v.ContentNegotiatingViewResolver - Selected 'text/html' given [text/html, application/xhtml+xml, image/webp, image/apng, application/xml;q=0.9, */*;q=0.8]
""2019-01-14 10:35:18 [http-nio-80-exec-7] DEBUG o.s.web.servlet.DispatcherServlet - Completed 200 OK
""2019-01-14 10:35:35 [http-nio-80-exec-8] DEBUG o.s.web.servlet.DispatcherServlet - POST "/admin/news/delete", parameters={masked}
""2019-01-14 10:35:35 [http-nio-80-exec-8] DEBUG o.s.w.s.m.m.a.RequestMappingHandlerMapping - Mapped to public java.lang.String com.team1.controller.NewsController.delete(int)
""2019-01-14 10:35:35 [http-nio-80-exec-8] WARN  com.team1.controller.NewsController - delete news has key: 12
""2019-01-14 10:35:35 [http-nio-80-exec-8] DEBUG o.s.w.s.m.m.a.RequestResponseBodyMethodProcessor - Using 'text/plain', given [*/*] and supported [text/plain, */*, text/plain, */*, application/json, application/*+json, application/json, application/*+json]
""2019-01-14 10:35:35 [http-nio-80-exec-8] DEBUG o.s.w.s.m.m.a.RequestResponseBodyMethodProcessor - Writing ["success"]
""2019-01-14 10:35:35 [http-nio-80-exec-8] DEBUG o.s.web.servlet.DispatcherServlet - Completed 200 OK
""2019-01-14 10:36:26 [http-nio-80-exec-9] DEBUG o.s.web.servlet.DispatcherServlet - GET "/admin/news", parameters={}
""2019-01-14 10:36:26 [http-nio-80-exec-9] DEBUG o.s.w.s.m.m.a.RequestMappingHandlerMapping - Mapped to public java.lang.String com.team1.controller.NewsController.showAll(org.springframework.ui.ModelMap)
""2019-01-14 10:36:26 [http-nio-80-exec-9] DEBUG o.s.w.s.v.ContentNegotiatingViewResolver - Selected 'text/html' given [text/html, application/xhtml+xml, image/webp, image/apng, application/xml;q=0.9, */*;q=0.8]
""2019-01-14 10:36:26 [http-nio-80-exec-9] DEBUG o.s.web.servlet.DispatcherServlet - Completed 200 OK
""2019-01-14 10:36:27 [http-nio-80-exec-10] DEBUG o.s.web.servlet.DispatcherServlet - GET "/favicon.ico", parameters={}
""2019-01-14 10:36:27 [http-nio-80-exec-10] DEBUG o.s.w.s.h.SimpleUrlHandlerMapping - Mapped to ResourceHttpRequestHandler [class path resource [META-INF/resources/], class path resource [resources/], class path resource [static/], class path resource [public/], ServletContext resource [/], class path resource []]
""2019-01-14 10:36:27 [http-nio-80-exec-10] DEBUG o.s.web.servlet.DispatcherServlet - Completed 200 OK
""2019-01-14 10:38:57 [Thread-10] INFO  o.s.s.c.ThreadPoolTaskExecutor - Shutting down ExecutorService 'applicationTaskExecutor'
""2019-01-14 10:38:57 [Thread-10] INFO  o.s.o.j.LocalContainerEntityManagerFactoryBean - Closing JPA EntityManagerFactory for persistence unit 'default'
""2019-01-14 10:38:57 [Thread-10] INFO  com.zaxxer.hikari.HikariDataSource - HikariPool-2 - Shutdown initiated...
""2019-01-14 10:38:57 [Thread-10] INFO  com.zaxxer.hikari.HikariDataSource - HikariPool-2 - Shutdown completed.
""2019-01-14 10:38:58 [restartedMain] WARN  o.s.b.a.o.j.JpaBaseConfiguration$JpaWebConfiguration$JpaWebMvcConfiguration - spring.jpa.open-in-view is enabled by default. Therefore, database queries may be performed during view rendering. Explicitly configure spring.jpa.open-in-view to disable this warning
"