2019-01-16 09:21:37 [restartedMain] INFO  c.t.Team1SpringBootJpaApplication - Starting Team1SpringBootJpaApplication on DESKTOP-PGKHSCB with PID 6308 (E:\workspace\backend\sts-workspace\Team1-SpringBoot-JPA\target\classes started by User in E:\workspace\backend\sts-workspace\Team1-SpringBoot-JPA)
2019-01-16 09:21:37 [restartedMain] INFO  c.t.Team1SpringBootJpaApplication - No active profile set, falling back to default profiles: default
2019-01-16 09:21:37 [restartedMain] INFO  o.s.b.d.e.DevToolsPropertyDefaultsPostProcessor - Devtools property defaults active! Set 'spring.devtools.add-properties' to 'false' to disable
2019-01-16 09:21:37 [restartedMain] INFO  o.s.b.d.e.DevToolsPropertyDefaultsPostProcessor - For additional web related logging consider setting the 'logging.level.web' property to 'DEBUG'
2019-01-16 09:21:38 [restartedMain] INFO  o.s.d.r.c.RepositoryConfigurationDelegate - Bootstrapping Spring Data repositories in DEFAULT mode.
2019-01-16 09:21:38 [restartedMain] INFO  o.s.d.r.c.RepositoryConfigurationDelegate - Finished Spring Data repository scanning in 71ms. Found 5 repository interfaces.
2019-01-16 09:21:39 [restartedMain] INFO  o.s.c.s.PostProcessorRegistrationDelegate$BeanPostProcessorChecker - Bean 'org.springframework.transaction.annotation.ProxyTransactionManagementConfiguration' of type [org.springframework.transaction.annotation.ProxyTransactionManagementConfiguration$$EnhancerBySpringCGLIB$$73051dea] is not eligible for getting processed by all BeanPostProcessors (for example: not eligible for auto-proxying)
2019-01-16 09:21:39 [restartedMain] INFO  o.s.b.w.e.tomcat.TomcatWebServer - Tomcat initialized with port(s): 80 (http)
2019-01-16 09:21:39 [restartedMain] INFO  o.a.catalina.core.StandardService - Starting service [Tomcat]
2019-01-16 09:21:39 [restartedMain] INFO  o.a.catalina.core.StandardEngine - Starting Servlet Engine: Apache Tomcat/9.0.13
2019-01-16 09:21:39 [restartedMain] INFO  o.a.c.core.AprLifecycleListener - The APR based Apache Tomcat Native library which allows optimal performance in production environments was not found on the java.library.path: [C:\Program Files\Java\jdk1.8.0_191\bin;C:\WINDOWS\Sun\Java\bin;C:\WINDOWS\system32;C:\WINDOWS;C:/Program Files/Java/jdk1.8.0_191/bin/../jre/bin/server;C:/Program Files/Java/jdk1.8.0_191/bin/../jre/bin;C:/Program Files/Java/jdk1.8.0_191/bin/../jre/lib/amd64;C:\Program Files\Java\jdk1.8.0_191\bin;C:\Program Files (x86)\Common Files\Oracle\Java\javapath;C:\Program Files (x86)\Intel\Intel(R) Management Engine Components\iCLS\;C:\Program Files\Intel\Intel(R) Management Engine Components\iCLS\;C:\WINDOWS\system32;C:\WINDOWS;C:\WINDOWS\System32\Wbem;C:\WINDOWS\System32\WindowsPowerShell\v1.0\;C:\WINDOWS\System32\OpenSSH\;C:\Program Files (x86)\Intel\Intel(R) Management Engine Components\DAL;C:\Program Files\Intel\Intel(R) Management Engine Components\DAL;C:\Program Files (x86)\Intel\Intel(R) Management Engine Components\IPT;C:\Program Files\Intel\Intel(R) Management Engine Components\IPT;C:\Program Files\nodejs\;C:\Program Files\Java\jdk1.8.0_191\jre\bin;C:\Users\User.DESKTOP-PGKHSCB\AppData\Local\Microsoft\WindowsApps;C:\Users\User.DESKTOP-PGKHSCB\AppData\Local\Programs\Git\cmd;C:\Users\User.DESKTOP-PGKHSCB\AppData\Local\Programs\Microsoft VS Code\bin;C:\Users\User.DESKTOP-PGKHSCB\AppData\Roaming\npm;E:\sts-4.1.0.RELEASE;;.]
2019-01-16 09:21:39 [restartedMain] INFO  o.a.c.c.C.[Tomcat].[localhost].[/] - Initializing Spring embedded WebApplicationContext
2019-01-16 09:21:39 [restartedMain] INFO  o.s.web.context.ContextLoader - Root WebApplicationContext: initialization completed in 1886 ms
2019-01-16 09:21:39 [restartedMain] INFO  com.zaxxer.hikari.HikariDataSource - HikariPool-1 - Starting...
2019-01-16 09:21:40 [restartedMain] INFO  com.zaxxer.hikari.HikariDataSource - HikariPool-1 - Start completed.
2019-01-16 09:21:40 [restartedMain] INFO  o.h.jpa.internal.util.LogHelper - HHH000204: Processing PersistenceUnitInfo [
	name: default
	...]
2019-01-16 09:21:40 [restartedMain] INFO  org.hibernate.Version - HHH000412: Hibernate Core {5.3.7.Final}
2019-01-16 09:21:40 [restartedMain] INFO  org.hibernate.cfg.Environment - HHH000206: hibernate.properties not found
2019-01-16 09:21:40 [restartedMain] INFO  o.h.annotations.common.Version - HCANN000001: Hibernate Commons Annotations {5.0.4.Final}
2019-01-16 09:21:40 [restartedMain] INFO  org.hibernate.dialect.Dialect - HHH000400: Using dialect: org.hibernate.dialect.MySQL5Dialect
2019-01-16 09:21:40 [restartedMain] WARN  org.hibernate.mapping.RootClass - HHH000038: Composite-id class does not override equals(): com.team1.entity.FkUserRole
2019-01-16 09:21:40 [restartedMain] WARN  org.hibernate.mapping.RootClass - HHH000039: Composite-id class does not override hashCode(): com.team1.entity.FkUserRole
2019-01-16 09:21:41 [restartedMain] INFO  o.s.o.j.LocalContainerEntityManagerFactoryBean - Initialized JPA EntityManagerFactory for persistence unit 'default'
2019-01-16 09:21:41 [restartedMain] INFO  o.h.h.i.QueryTranslatorFactoryInitiator - HHH000397: Using ASTQueryTranslatorFactory
2019-01-16 09:21:42 [restartedMain] INFO  o.s.s.web.DefaultSecurityFilterChain - Creating filter chain: Ant [pattern='/css/**'], []
2019-01-16 09:21:42 [restartedMain] INFO  o.s.s.web.DefaultSecurityFilterChain - Creating filter chain: Ant [pattern='/image/**'], []
2019-01-16 09:21:42 [restartedMain] INFO  o.s.s.web.DefaultSecurityFilterChain - Creating filter chain: Ant [pattern='/fonts/**'], []
2019-01-16 09:21:42 [restartedMain] INFO  o.s.s.web.DefaultSecurityFilterChain - Creating filter chain: Ant [pattern='/js/**'], []
2019-01-16 09:21:42 [restartedMain] INFO  o.s.s.web.DefaultSecurityFilterChain - Creating filter chain: Ant [pattern='/common/**'], []
2019-01-16 09:21:42 [restartedMain] INFO  o.s.s.web.DefaultSecurityFilterChain - Creating filter chain: any request, [org.springframework.security.web.context.request.async.WebAsyncManagerIntegrationFilter@65ce16f1, org.springframework.security.web.context.SecurityContextPersistenceFilter@4ee6295c, org.springframework.security.web.header.HeaderWriterFilter@2f218ff4, org.springframework.security.web.authentication.logout.LogoutFilter@7f0a640, org.springframework.security.web.authentication.UsernamePasswordAuthenticationFilter@68dcfbd2, org.springframework.security.web.savedrequest.RequestCacheAwareFilter@6ee02ec7, org.springframework.security.web.servletapi.SecurityContextHolderAwareRequestFilter@34809980, org.springframework.security.web.authentication.AnonymousAuthenticationFilter@6a4373f1, org.springframework.security.web.session.SessionManagementFilter@170e6f07, org.springframework.security.web.access.ExceptionTranslationFilter@52a1e27e, org.springframework.security.web.access.intercept.FilterSecurityInterceptor@353e9a8c]
2019-01-16 09:21:42 [restartedMain] INFO  o.s.s.c.ThreadPoolTaskExecutor - Initializing ExecutorService 'applicationTaskExecutor'
2019-01-16 09:21:42 [restartedMain] INFO  o.s.b.a.w.s.WelcomePageHandlerMapping - Adding welcome page template: index
2019-01-16 09:21:42 [restartedMain] INFO  o.s.b.d.a.OptionalLiveReloadServer - LiveReload server is running on port 35729
2019-01-16 09:21:42 [restartedMain] INFO  o.s.b.w.e.tomcat.TomcatWebServer - Tomcat started on port(s): 80 (http) with context path ''
2019-01-16 09:21:42 [restartedMain] INFO  c.t.Team1SpringBootJpaApplication - Started Team1SpringBootJpaApplication in 5.504 seconds (JVM running for 6.196)
2019-01-16 09:21:47 [http-nio-80-exec-1] INFO  o.a.c.c.C.[Tomcat].[localhost].[/] - Initializing Spring DispatcherServlet 'dispatcherServlet'
2019-01-16 09:21:47 [http-nio-80-exec-1] INFO  o.s.web.servlet.DispatcherServlet - Initializing Servlet 'dispatcherServlet'
2019-01-16 09:21:47 [http-nio-80-exec-1] INFO  o.s.web.servlet.DispatcherServlet - Completed initialization in 10 ms
2019-01-16 09:24:12 [Thread-6] INFO  o.s.s.c.ThreadPoolTaskExecutor - Shutting down ExecutorService 'applicationTaskExecutor'
2019-01-16 09:24:12 [Thread-6] INFO  o.s.o.j.LocalContainerEntityManagerFactoryBean - Closing JPA EntityManagerFactory for persistence unit 'default'
2019-01-16 09:24:12 [Thread-6] INFO  com.zaxxer.hikari.HikariDataSource - HikariPool-1 - Shutdown initiated...
2019-01-16 09:24:12 [Thread-6] INFO  com.zaxxer.hikari.HikariDataSource - HikariPool-1 - Shutdown completed.
2019-01-16 09:24:13 [restartedMain] INFO  c.t.Team1SpringBootJpaApplication - Starting Team1SpringBootJpaApplication on DESKTOP-PGKHSCB with PID 6308 (E:\workspace\backend\sts-workspace\Team1-SpringBoot-JPA\target\classes started by User in E:\workspace\backend\sts-workspace\Team1-SpringBoot-JPA)
2019-01-16 09:24:13 [restartedMain] INFO  c.t.Team1SpringBootJpaApplication - No active profile set, falling back to default profiles: default
2019-01-16 09:24:13 [restartedMain] INFO  o.s.d.r.c.RepositoryConfigurationDelegate - Bootstrapping Spring Data repositories in DEFAULT mode.
2019-01-16 09:24:13 [restartedMain] INFO  o.s.d.r.c.RepositoryConfigurationDelegate - Finished Spring Data repository scanning in 24ms. Found 5 repository interfaces.
2019-01-16 09:24:13 [restartedMain] INFO  o.s.c.s.PostProcessorRegistrationDelegate$BeanPostProcessorChecker - Bean 'org.springframework.transaction.annotation.ProxyTransactionManagementConfiguration' of type [org.springframework.transaction.annotation.ProxyTransactionManagementConfiguration$$EnhancerBySpringCGLIB$$73051dea] is not eligible for getting processed by all BeanPostProcessors (for example: not eligible for auto-proxying)
2019-01-16 09:24:13 [restartedMain] INFO  o.s.b.w.e.tomcat.TomcatWebServer - Tomcat initialized with port(s): 80 (http)
2019-01-16 09:24:13 [restartedMain] INFO  o.a.catalina.core.StandardService - Starting service [Tomcat]
2019-01-16 09:24:13 [restartedMain] INFO  o.a.catalina.core.StandardEngine - Starting Servlet Engine: Apache Tomcat/9.0.13
2019-01-16 09:24:13 [restartedMain] INFO  o.a.c.c.C.[Tomcat].[localhost].[/] - Initializing Spring embedded WebApplicationContext
2019-01-16 09:24:13 [restartedMain] INFO  o.s.web.context.ContextLoader - Root WebApplicationContext: initialization completed in 408 ms
2019-01-16 09:24:13 [restartedMain] INFO  com.zaxxer.hikari.HikariDataSource - HikariPool-2 - Starting...
2019-01-16 09:24:13 [restartedMain] INFO  com.zaxxer.hikari.HikariDataSource - HikariPool-2 - Start completed.
2019-01-16 09:24:13 [restartedMain] INFO  o.h.jpa.internal.util.LogHelper - HHH000204: Processing PersistenceUnitInfo [
	name: default
	...]
2019-01-16 09:24:13 [restartedMain] INFO  org.hibernate.dialect.Dialect - HHH000400: Using dialect: org.hibernate.dialect.MySQL5Dialect
2019-01-16 09:24:13 [restartedMain] WARN  org.hibernate.mapping.RootClass - HHH000038: Composite-id class does not override equals(): com.team1.entity.FkUserRole
2019-01-16 09:24:13 [restartedMain] WARN  org.hibernate.mapping.RootClass - HHH000039: Composite-id class does not override hashCode(): com.team1.entity.FkUserRole
2019-01-16 09:24:13 [restartedMain] INFO  o.s.o.j.LocalContainerEntityManagerFactoryBean - Initialized JPA EntityManagerFactory for persistence unit 'default'
2019-01-16 09:24:13 [restartedMain] INFO  o.h.h.i.QueryTranslatorFactoryInitiator - HHH000397: Using ASTQueryTranslatorFactory
2019-01-16 09:24:14 [restartedMain] INFO  o.s.s.web.DefaultSecurityFilterChain - Creating filter chain: Ant [pattern='/css/**'], []
2019-01-16 09:24:14 [restartedMain] INFO  o.s.s.web.DefaultSecurityFilterChain - Creating filter chain: Ant [pattern='/image/**'], []
2019-01-16 09:24:14 [restartedMain] INFO  o.s.s.web.DefaultSecurityFilterChain - Creating filter chain: Ant [pattern='/fonts/**'], []
2019-01-16 09:24:14 [restartedMain] INFO  o.s.s.web.DefaultSecurityFilterChain - Creating filter chain: Ant [pattern='/js/**'], []
2019-01-16 09:24:14 [restartedMain] INFO  o.s.s.web.DefaultSecurityFilterChain - Creating filter chain: Ant [pattern='/common/**'], []
2019-01-16 09:24:14 [restartedMain] INFO  o.s.s.web.DefaultSecurityFilterChain - Creating filter chain: any request, [org.springframework.security.web.context.request.async.WebAsyncManagerIntegrationFilter@52ac42f4, org.springframework.security.web.context.SecurityContextPersistenceFilter@4dd982ed, org.springframework.security.web.header.HeaderWriterFilter@52b23a7b, org.springframework.security.web.authentication.logout.LogoutFilter@fc5f936, org.springframework.security.web.authentication.UsernamePasswordAuthenticationFilter@1a61744e, org.springframework.security.web.savedrequest.RequestCacheAwareFilter@2d7cf982, org.springframework.security.web.servletapi.SecurityContextHolderAwareRequestFilter@6e5e7fb4, org.springframework.security.web.authentication.AnonymousAuthenticationFilter@10dc2c9b, org.springframework.security.web.session.SessionManagementFilter@58f731b8, org.springframework.security.web.access.ExceptionTranslationFilter@15beaf63, org.springframework.security.web.access.intercept.FilterSecurityInterceptor@621c3cec]
2019-01-16 09:24:14 [restartedMain] INFO  o.s.s.c.ThreadPoolTaskExecutor - Initializing ExecutorService 'applicationTaskExecutor'
2019-01-16 09:24:14 [restartedMain] INFO  o.s.b.a.w.s.WelcomePageHandlerMapping - Adding welcome page template: index
2019-01-16 09:24:14 [restartedMain] INFO  o.s.b.d.a.OptionalLiveReloadServer - LiveReload server is running on port 35729
2019-01-16 09:24:14 [restartedMain] INFO  o.s.b.w.e.tomcat.TomcatWebServer - Tomcat started on port(s): 80 (http) with context path ''
2019-01-16 09:24:14 [restartedMain] INFO  c.t.Team1SpringBootJpaApplication - Started Team1SpringBootJpaApplication in 1.094 seconds (JVM running for 157.597)
2019-01-16 09:24:14 [restartedMain] INFO  o.s.b.d.a.ConditionEvaluationDeltaLoggingListener - Condition evaluation unchanged
2019-01-16 09:24:51 [http-nio-80-exec-1] INFO  o.a.c.c.C.[Tomcat].[localhost].[/] - Initializing Spring DispatcherServlet 'dispatcherServlet'
2019-01-16 09:24:51 [http-nio-80-exec-1] INFO  o.s.web.servlet.DispatcherServlet - Initializing Servlet 'dispatcherServlet'
2019-01-16 09:24:51 [http-nio-80-exec-1] INFO  o.s.web.servlet.DispatcherServlet - Completed initialization in 5 ms
